<?xml version="1.0" encoding="UTF-8"?>
<!-- Generated by org.testng.reporters.JUnitXMLReporter -->
<testsuite hostname="Nikhil-LP" name="Test2" tests="2" failures="1" timestamp="21 Jun 2021 17:36:44 GMT" time="40.496" errors="0">
  <testcase name="Login" time="0.554" classname="TestScanario.TestLogin"/>
  <testcase name="LoginPageTitle" time="0.028" classname="TestScanario.TestLogin">
    <failure type="java.lang.AssertionError" message="expected [Nikhil] but found [Arttha]">
      <![CDATA[java.lang.AssertionError: expected [Nikhil] but found [Arttha]
	at TestScanario.TestLogin.LoginPageTitle(TestLogin.java:45)
... Removed 29 stack frames]]>
    </failure>
  </testcase> <!-- LoginPageTitle -->
</testsuite> <!-- Test2 -->
